[03-Apr-2024 02:25:48 UTC] 
[DEBUG] C:\Users\ACER\Documents\Projetos Pessoais\magazine-back-end\app\public\wp-content\themes\magazine\includes\entities\ThemeOptions\ThemeOptions.php:185
[ 00 ] array (
  0 => 4,
  1 => 3,
  2 => 2,
)
[03-Apr-2024 02:34:02 UTC] PHP Fatal error:  Uncaught TypeError: register_graphql_field(): Argument #2 ($field_name) must be of type string, array given, called in C:\Users\ACER\Documents\Projetos Pessoais\magazine-back-end\app\public\wp-content\themes\magazine\includes\entities\ThemeOptions\ThemeOptions.php on line 199 and defined in C:\Users\ACER\Documents\Projetos Pessoais\magazine-back-end\app\public\wp-content\plugins\wp-graphql\access-functions.php:305
Stack trace:
#0 C:\Users\ACER\Documents\Projetos Pessoais\magazine-back-end\app\public\wp-content\themes\magazine\includes\entities\ThemeOptions\ThemeOptions.php(199): register_graphql_field('ThemeOptionsHea...', Array)
#1 C:\Users\ACER\Documents\Projetos Pessoais\magazine-back-end\app\public\wp-includes\class-wp-hook.php(324): ThemeOptions->register_header_sub_page_graphql(6)
#2 C:\Users\ACER\Documents\Projetos Pessoais\magazine-back-end\app\public\wp-includes\class-wp-hook.php(348): WP_Hook->apply_filters(NULL, Array)
#3 C:\Users\ACER\Documents\Projetos Pessoais\magazine-back-end\app\public\wp-includes\plugin.php(517): WP_Hook->do_action(Array)
#4 C:\Users\ACER\Documents\Projetos Pessoais\magazine-back-end\app\public\wp-content\plugins\advanced-custom-fields-pro\acf.php(400): do_action('acf/init', 6)
#5 C:\Users\ACER\Documents\Projetos Pessoais\magazine-back-end\app\public\wp-includes\class-wp-hook.php(324): ACF->init('')
#6 C:\Users\ACER\Documents\Projetos Pessoais\magazine-back-end\app\public\wp-includes\class-wp-hook.php(348): WP_Hook->apply_filters(NULL, Array)
#7 C:\Users\ACER\Documents\Projetos Pessoais\magazine-back-end\app\public\wp-includes\plugin.php(517): WP_Hook->do_action(Array)
#8 C:\Users\ACER\Documents\Projetos Pessoais\magazine-back-end\app\public\wp-settings.php(643): do_action('init')
#9 C:\Users\ACER\Documents\Projetos Pessoais\magazine-back-end\app\public\wp-config.php(103): require_once('C:\\Users\\ACER\\D...')
#10 C:\Users\ACER\Documents\Projetos Pessoais\magazine-back-end\app\public\wp-load.php(50): require_once('C:\\Users\\ACER\\D...')
#11 C:\Users\ACER\Documents\Projetos Pessoais\magazine-back-end\app\public\wp-admin\admin.php(34): require_once('C:\\Users\\ACER\\D...')
#12 {main}
  thrown in C:\Users\ACER\Documents\Projetos Pessoais\magazine-back-end\app\public\wp-content\plugins\wp-graphql\access-functions.php on line 305
[03-Apr-2024 02:34:02 UTC] PHP Fatal error:  Uncaught TypeError: register_graphql_field(): Argument #2 ($field_name) must be of type string, array given, called in C:\Users\ACER\Documents\Projetos Pessoais\magazine-back-end\app\public\wp-content\themes\magazine\includes\entities\ThemeOptions\ThemeOptions.php on line 199 and defined in C:\Users\ACER\Documents\Projetos Pessoais\magazine-back-end\app\public\wp-content\plugins\wp-graphql\access-functions.php:305
Stack trace:
#0 C:\Users\ACER\Documents\Projetos Pessoais\magazine-back-end\app\public\wp-content\themes\magazine\includes\entities\ThemeOptions\ThemeOptions.php(199): register_graphql_field('ThemeOptionsHea...', Array)
#1 C:\Users\ACER\Documents\Projetos Pessoais\magazine-back-end\app\public\wp-includes\class-wp-hook.php(324): ThemeOptions->register_header_sub_page_graphql(6)
#2 C:\Users\ACER\Documents\Projetos Pessoais\magazine-back-end\app\public\wp-includes\class-wp-hook.php(348): WP_Hook->apply_filters(NULL, Array)
#3 C:\Users\ACER\Documents\Projetos Pessoais\magazine-back-end\app\public\wp-includes\plugin.php(517): WP_Hook->do_action(Array)
#4 C:\Users\ACER\Documents\Projetos Pessoais\magazine-back-end\app\public\wp-content\plugins\advanced-custom-fields-pro\acf.php(400): do_action('acf/init', 6)
#5 C:\Users\ACER\Documents\Projetos Pessoais\magazine-back-end\app\public\wp-includes\class-wp-hook.php(324): ACF->init('')
#6 C:\Users\ACER\Documents\Projetos Pessoais\magazine-back-end\app\public\wp-includes\class-wp-hook.php(348): WP_Hook->apply_filters(NULL, Array)
#7 C:\Users\ACER\Documents\Projetos Pessoais\magazine-back-end\app\public\wp-includes\plugin.php(517): WP_Hook->do_action(Array)
#8 C:\Users\ACER\Documents\Projetos Pessoais\magazine-back-end\app\public\wp-settings.php(643): do_action('init')
#9 C:\Users\ACER\Documents\Projetos Pessoais\magazine-back-end\app\public\wp-config.php(103): require_once('C:\\Users\\ACER\\D...')
#10 C:\Users\ACER\Documents\Projetos Pessoais\magazine-back-end\app\public\wp-load.php(50): require_once('C:\\Users\\ACER\\D...')
#11 C:\Users\ACER\Documents\Projetos Pessoais\magazine-back-end\app\public\wp-blog-header.php(13): require_once('C:\\Users\\ACER\\D...')
#12 C:\Users\ACER\Documents\Projetos Pessoais\magazine-back-end\app\public\index.php(17): require('C:\\Users\\ACER\\D...')
#13 {main}
  thrown in C:\Users\ACER\Documents\Projetos Pessoais\magazine-back-end\app\public\wp-content\plugins\wp-graphql\access-functions.php on line 305
[03-Apr-2024 02:34:59 UTC] PHP Fatal error:  Uncaught TypeError: register_graphql_field(): Argument #2 ($field_name) must be of type string, array given, called in C:\Users\ACER\Documents\Projetos Pessoais\magazine-back-end\app\public\wp-content\themes\magazine\includes\entities\ThemeOptions\ThemeOptions.php on line 199 and defined in C:\Users\ACER\Documents\Projetos Pessoais\magazine-back-end\app\public\wp-content\plugins\wp-graphql\access-functions.php:305
Stack trace:
#0 C:\Users\ACER\Documents\Projetos Pessoais\magazine-back-end\app\public\wp-content\themes\magazine\includes\entities\ThemeOptions\ThemeOptions.php(199): register_graphql_field('ThemeOptionsHea...', Array)
#1 C:\Users\ACER\Documents\Projetos Pessoais\magazine-back-end\app\public\wp-includes\class-wp-hook.php(324): ThemeOptions->register_header_sub_page_graphql(6)
#2 C:\Users\ACER\Documents\Projetos Pessoais\magazine-back-end\app\public\wp-includes\class-wp-hook.php(348): WP_Hook->apply_filters(NULL, Array)
#3 C:\Users\ACER\Documents\Projetos Pessoais\magazine-back-end\app\public\wp-includes\plugin.php(517): WP_Hook->do_action(Array)
#4 C:\Users\ACER\Documents\Projetos Pessoais\magazine-back-end\app\public\wp-content\plugins\advanced-custom-fields-pro\acf.php(400): do_action('acf/init', 6)
#5 C:\Users\ACER\Documents\Projetos Pessoais\magazine-back-end\app\public\wp-includes\class-wp-hook.php(324): ACF->init('')
#6 C:\Users\ACER\Documents\Projetos Pessoais\magazine-back-end\app\public\wp-includes\class-wp-hook.php(348): WP_Hook->apply_filters(NULL, Array)
#7 C:\Users\ACER\Documents\Projetos Pessoais\magazine-back-end\app\public\wp-includes\plugin.php(517): WP_Hook->do_action(Array)
#8 C:\Users\ACER\Documents\Projetos Pessoais\magazine-back-end\app\public\wp-settings.php(643): do_action('init')
#9 C:\Users\ACER\Documents\Projetos Pessoais\magazine-back-end\app\public\wp-config.php(103): require_once('C:\\Users\\ACER\\D...')
#10 C:\Users\ACER\Documents\Projetos Pessoais\magazine-back-end\app\public\wp-load.php(50): require_once('C:\\Users\\ACER\\D...')
#11 C:\Users\ACER\Documents\Projetos Pessoais\magazine-back-end\app\public\wp-admin\admin.php(34): require_once('C:\\Users\\ACER\\D...')
#12 {main}
  thrown in C:\Users\ACER\Documents\Projetos Pessoais\magazine-back-end\app\public\wp-content\plugins\wp-graphql\access-functions.php on line 305
[03-Apr-2024 02:34:59 UTC] PHP Fatal error:  Uncaught TypeError: register_graphql_field(): Argument #2 ($field_name) must be of type string, array given, called in C:\Users\ACER\Documents\Projetos Pessoais\magazine-back-end\app\public\wp-content\themes\magazine\includes\entities\ThemeOptions\ThemeOptions.php on line 199 and defined in C:\Users\ACER\Documents\Projetos Pessoais\magazine-back-end\app\public\wp-content\plugins\wp-graphql\access-functions.php:305
Stack trace:
#0 C:\Users\ACER\Documents\Projetos Pessoais\magazine-back-end\app\public\wp-content\themes\magazine\includes\entities\ThemeOptions\ThemeOptions.php(199): register_graphql_field('ThemeOptionsHea...', Array)
#1 C:\Users\ACER\Documents\Projetos Pessoais\magazine-back-end\app\public\wp-includes\class-wp-hook.php(324): ThemeOptions->register_header_sub_page_graphql(6)
#2 C:\Users\ACER\Documents\Projetos Pessoais\magazine-back-end\app\public\wp-includes\class-wp-hook.php(348): WP_Hook->apply_filters(NULL, Array)
#3 C:\Users\ACER\Documents\Projetos Pessoais\magazine-back-end\app\public\wp-includes\plugin.php(517): WP_Hook->do_action(Array)
#4 C:\Users\ACER\Documents\Projetos Pessoais\magazine-back-end\app\public\wp-content\plugins\advanced-custom-fields-pro\acf.php(400): do_action('acf/init', 6)
#5 C:\Users\ACER\Documents\Projetos Pessoais\magazine-back-end\app\public\wp-includes\class-wp-hook.php(324): ACF->init('')
#6 C:\Users\ACER\Documents\Projetos Pessoais\magazine-back-end\app\public\wp-includes\class-wp-hook.php(348): WP_Hook->apply_filters(NULL, Array)
#7 C:\Users\ACER\Documents\Projetos Pessoais\magazine-back-end\app\public\wp-includes\plugin.php(517): WP_Hook->do_action(Array)
#8 C:\Users\ACER\Documents\Projetos Pessoais\magazine-back-end\app\public\wp-settings.php(643): do_action('init')
#9 C:\Users\ACER\Documents\Projetos Pessoais\magazine-back-end\app\public\wp-config.php(103): require_once('C:\\Users\\ACER\\D...')
#10 C:\Users\ACER\Documents\Projetos Pessoais\magazine-back-end\app\public\wp-load.php(50): require_once('C:\\Users\\ACER\\D...')
#11 C:\Users\ACER\Documents\Projetos Pessoais\magazine-back-end\app\public\wp-blog-header.php(13): require_once('C:\\Users\\ACER\\D...')
#12 C:\Users\ACER\Documents\Projetos Pessoais\magazine-back-end\app\public\index.php(17): require('C:\\Users\\ACER\\D...')
#13 {main}
  thrown in C:\Users\ACER\Documents\Projetos Pessoais\magazine-back-end\app\public\wp-content\plugins\wp-graphql\access-functions.php on line 305
[03-Apr-2024 02:37:36 UTC] PHP Fatal error:  Uncaught Error: Call to undefined function register_graphql_object() in C:\Users\ACER\Documents\Projetos Pessoais\magazine-back-end\app\public\wp-content\themes\magazine\includes\entities\ThemeOptions\ThemeOptions.php:150
Stack trace:
#0 C:\Users\ACER\Documents\Projetos Pessoais\magazine-back-end\app\public\wp-includes\class-wp-hook.php(324): ThemeOptions->register_header_sub_page_graphql(6)
#1 C:\Users\ACER\Documents\Projetos Pessoais\magazine-back-end\app\public\wp-includes\class-wp-hook.php(348): WP_Hook->apply_filters(NULL, Array)
#2 C:\Users\ACER\Documents\Projetos Pessoais\magazine-back-end\app\public\wp-includes\plugin.php(517): WP_Hook->do_action(Array)
#3 C:\Users\ACER\Documents\Projetos Pessoais\magazine-back-end\app\public\wp-content\plugins\advanced-custom-fields-pro\acf.php(400): do_action('acf/init', 6)
#4 C:\Users\ACER\Documents\Projetos Pessoais\magazine-back-end\app\public\wp-includes\class-wp-hook.php(324): ACF->init('')
#5 C:\Users\ACER\Documents\Projetos Pessoais\magazine-back-end\app\public\wp-includes\class-wp-hook.php(348): WP_Hook->apply_filters(NULL, Array)
#6 C:\Users\ACER\Documents\Projetos Pessoais\magazine-back-end\app\public\wp-includes\plugin.php(517): WP_Hook->do_action(Array)
#7 C:\Users\ACER\Documents\Projetos Pessoais\magazine-back-end\app\public\wp-settings.php(643): do_action('init')
#8 C:\Users\ACER\Documents\Projetos Pessoais\magazine-back-end\app\public\wp-config.php(103): require_once('C:\\Users\\ACER\\D...')
#9 C:\Users\ACER\Documents\Projetos Pessoais\magazine-back-end\app\public\wp-load.php(50): require_once('C:\\Users\\ACER\\D...')
#10 C:\Users\ACER\Documents\Projetos Pessoais\magazine-back-end\app\public\wp-admin\admin.php(34): require_once('C:\\Users\\ACER\\D...')
#11 {main}
  thrown in C:\Users\ACER\Documents\Projetos Pessoais\magazine-back-end\app\public\wp-content\themes\magazine\includes\entities\ThemeOptions\ThemeOptions.php on line 150
[03-Apr-2024 02:37:36 UTC] PHP Fatal error:  Uncaught Error: Call to undefined function register_graphql_object() in C:\Users\ACER\Documents\Projetos Pessoais\magazine-back-end\app\public\wp-content\themes\magazine\includes\entities\ThemeOptions\ThemeOptions.php:150
Stack trace:
#0 C:\Users\ACER\Documents\Projetos Pessoais\magazine-back-end\app\public\wp-includes\class-wp-hook.php(324): ThemeOptions->register_header_sub_page_graphql(6)
#1 C:\Users\ACER\Documents\Projetos Pessoais\magazine-back-end\app\public\wp-includes\class-wp-hook.php(348): WP_Hook->apply_filters(NULL, Array)
#2 C:\Users\ACER\Documents\Projetos Pessoais\magazine-back-end\app\public\wp-includes\plugin.php(517): WP_Hook->do_action(Array)
#3 C:\Users\ACER\Documents\Projetos Pessoais\magazine-back-end\app\public\wp-content\plugins\advanced-custom-fields-pro\acf.php(400): do_action('acf/init', 6)
#4 C:\Users\ACER\Documents\Projetos Pessoais\magazine-back-end\app\public\wp-includes\class-wp-hook.php(324): ACF->init('')
#5 C:\Users\ACER\Documents\Projetos Pessoais\magazine-back-end\app\public\wp-includes\class-wp-hook.php(348): WP_Hook->apply_filters(NULL, Array)
#6 C:\Users\ACER\Documents\Projetos Pessoais\magazine-back-end\app\public\wp-includes\plugin.php(517): WP_Hook->do_action(Array)
#7 C:\Users\ACER\Documents\Projetos Pessoais\magazine-back-end\app\public\wp-settings.php(643): do_action('init')
#8 C:\Users\ACER\Documents\Projetos Pessoais\magazine-back-end\app\public\wp-config.php(103): require_once('C:\\Users\\ACER\\D...')
#9 C:\Users\ACER\Documents\Projetos Pessoais\magazine-back-end\app\public\wp-load.php(50): require_once('C:\\Users\\ACER\\D...')
#10 C:\Users\ACER\Documents\Projetos Pessoais\magazine-back-end\app\public\wp-blog-header.php(13): require_once('C:\\Users\\ACER\\D...')
#11 C:\Users\ACER\Documents\Projetos Pessoais\magazine-back-end\app\public\index.php(17): require('C:\\Users\\ACER\\D...')
#12 {main}
  thrown in C:\Users\ACER\Documents\Projetos Pessoais\magazine-back-end\app\public\wp-content\themes\magazine\includes\entities\ThemeOptions\ThemeOptions.php on line 150
[03-Apr-2024 02:37:51 UTC] PHP Fatal error:  Uncaught ArgumentCountError: Too few arguments to function register_graphql_object_type(), 1 passed in C:\Users\ACER\Documents\Projetos Pessoais\magazine-back-end\app\public\wp-content\themes\magazine\includes\entities\ThemeOptions\ThemeOptions.php on line 150 and exactly 2 expected in C:\Users\ACER\Documents\Projetos Pessoais\magazine-back-end\app\public\wp-content\plugins\wp-graphql\access-functions.php:241
Stack trace:
#0 C:\Users\ACER\Documents\Projetos Pessoais\magazine-back-end\app\public\wp-content\themes\magazine\includes\entities\ThemeOptions\ThemeOptions.php(150): register_graphql_object_type('ThemeOptionsHea...')
#1 C:\Users\ACER\Documents\Projetos Pessoais\magazine-back-end\app\public\wp-includes\class-wp-hook.php(324): ThemeOptions->register_header_sub_page_graphql(6)
#2 C:\Users\ACER\Documents\Projetos Pessoais\magazine-back-end\app\public\wp-includes\class-wp-hook.php(348): WP_Hook->apply_filters(NULL, Array)
#3 C:\Users\ACER\Documents\Projetos Pessoais\magazine-back-end\app\public\wp-includes\plugin.php(517): WP_Hook->do_action(Array)
#4 C:\Users\ACER\Documents\Projetos Pessoais\magazine-back-end\app\public\wp-content\plugins\advanced-custom-fields-pro\acf.php(400): do_action('acf/init', 6)
#5 C:\Users\ACER\Documents\Projetos Pessoais\magazine-back-end\app\public\wp-includes\class-wp-hook.php(324): ACF->init('')
#6 C:\Users\ACER\Documents\Projetos Pessoais\magazine-back-end\app\public\wp-includes\class-wp-hook.php(348): WP_Hook->apply_filters(NULL, Array)
#7 C:\Users\ACER\Documents\Projetos Pessoais\magazine-back-end\app\public\wp-includes\plugin.php(517): WP_Hook->do_action(Array)
#8 C:\Users\ACER\Documents\Projetos Pessoais\magazine-back-end\app\public\wp-settings.php(643): do_action('init')
#9 C:\Users\ACER\Documents\Projetos Pessoais\magazine-back-end\app\public\wp-config.php(103): require_once('C:\\Users\\ACER\\D...')
#10 C:\Users\ACER\Documents\Projetos Pessoais\magazine-back-end\app\public\wp-load.php(50): require_once('C:\\Users\\ACER\\D...')
#11 C:\Users\ACER\Documents\Projetos Pessoais\magazine-back-end\app\public\wp-admin\admin.php(34): require_once('C:\\Users\\ACER\\D...')
#12 {main}
  thrown in C:\Users\ACER\Documents\Projetos Pessoais\magazine-back-end\app\public\wp-content\plugins\wp-graphql\access-functions.php on line 241
[03-Apr-2024 02:37:51 UTC] PHP Fatal error:  Uncaught ArgumentCountError: Too few arguments to function register_graphql_object_type(), 1 passed in C:\Users\ACER\Documents\Projetos Pessoais\magazine-back-end\app\public\wp-content\themes\magazine\includes\entities\ThemeOptions\ThemeOptions.php on line 150 and exactly 2 expected in C:\Users\ACER\Documents\Projetos Pessoais\magazine-back-end\app\public\wp-content\plugins\wp-graphql\access-functions.php:241
Stack trace:
#0 C:\Users\ACER\Documents\Projetos Pessoais\magazine-back-end\app\public\wp-content\themes\magazine\includes\entities\ThemeOptions\ThemeOptions.php(150): register_graphql_object_type('ThemeOptionsHea...')
#1 C:\Users\ACER\Documents\Projetos Pessoais\magazine-back-end\app\public\wp-includes\class-wp-hook.php(324): ThemeOptions->register_header_sub_page_graphql(6)
#2 C:\Users\ACER\Documents\Projetos Pessoais\magazine-back-end\app\public\wp-includes\class-wp-hook.php(348): WP_Hook->apply_filters(NULL, Array)
#3 C:\Users\ACER\Documents\Projetos Pessoais\magazine-back-end\app\public\wp-includes\plugin.php(517): WP_Hook->do_action(Array)
#4 C:\Users\ACER\Documents\Projetos Pessoais\magazine-back-end\app\public\wp-content\plugins\advanced-custom-fields-pro\acf.php(400): do_action('acf/init', 6)
#5 C:\Users\ACER\Documents\Projetos Pessoais\magazine-back-end\app\public\wp-includes\class-wp-hook.php(324): ACF->init('')
#6 C:\Users\ACER\Documents\Projetos Pessoais\magazine-back-end\app\public\wp-includes\class-wp-hook.php(348): WP_Hook->apply_filters(NULL, Array)
#7 C:\Users\ACER\Documents\Projetos Pessoais\magazine-back-end\app\public\wp-includes\plugin.php(517): WP_Hook->do_action(Array)
#8 C:\Users\ACER\Documents\Projetos Pessoais\magazine-back-end\app\public\wp-settings.php(643): do_action('init')
#9 C:\Users\ACER\Documents\Projetos Pessoais\magazine-back-end\app\public\wp-config.php(103): require_once('C:\\Users\\ACER\\D...')
#10 C:\Users\ACER\Documents\Projetos Pessoais\magazine-back-end\app\public\wp-load.php(50): require_once('C:\\Users\\ACER\\D...')
#11 C:\Users\ACER\Documents\Projetos Pessoais\magazine-back-end\app\public\wp-blog-header.php(13): require_once('C:\\Users\\ACER\\D...')
#12 C:\Users\ACER\Documents\Projetos Pessoais\magazine-back-end\app\public\index.php(17): require('C:\\Users\\ACER\\D...')
#13 {main}
  thrown in C:\Users\ACER\Documents\Projetos Pessoais\magazine-back-end\app\public\wp-content\plugins\wp-graphql\access-functions.php on line 241
[03-Apr-2024 02:39:31 UTC] PHP Fatal error:  Uncaught TypeError: register_graphql_field(): Argument #2 ($field_name) must be of type string, array given, called in C:\Users\ACER\Documents\Projetos Pessoais\magazine-back-end\app\public\wp-content\themes\magazine\includes\entities\ThemeOptions\ThemeOptions.php on line 186 and defined in C:\Users\ACER\Documents\Projetos Pessoais\magazine-back-end\app\public\wp-content\plugins\wp-graphql\access-functions.php:305
Stack trace:
#0 C:\Users\ACER\Documents\Projetos Pessoais\magazine-back-end\app\public\wp-content\themes\magazine\includes\entities\ThemeOptions\ThemeOptions.php(186): register_graphql_field('ThemeOptionsHea...', Array)
#1 C:\Users\ACER\Documents\Projetos Pessoais\magazine-back-end\app\public\wp-includes\class-wp-hook.php(324): ThemeOptions->register_header_sub_page_graphql(6)
#2 C:\Users\ACER\Documents\Projetos Pessoais\magazine-back-end\app\public\wp-includes\class-wp-hook.php(348): WP_Hook->apply_filters(NULL, Array)
#3 C:\Users\ACER\Documents\Projetos Pessoais\magazine-back-end\app\public\wp-includes\plugin.php(517): WP_Hook->do_action(Array)
#4 C:\Users\ACER\Documents\Projetos Pessoais\magazine-back-end\app\public\wp-content\plugins\advanced-custom-fields-pro\acf.php(400): do_action('acf/init', 6)
#5 C:\Users\ACER\Documents\Projetos Pessoais\magazine-back-end\app\public\wp-includes\class-wp-hook.php(324): ACF->init('')
#6 C:\Users\ACER\Documents\Projetos Pessoais\magazine-back-end\app\public\wp-includes\class-wp-hook.php(348): WP_Hook->apply_filters(NULL, Array)
#7 C:\Users\ACER\Documents\Projetos Pessoais\magazine-back-end\app\public\wp-includes\plugin.php(517): WP_Hook->do_action(Array)
#8 C:\Users\ACER\Documents\Projetos Pessoais\magazine-back-end\app\public\wp-settings.php(643): do_action('init')
#9 C:\Users\ACER\Documents\Projetos Pessoais\magazine-back-end\app\public\wp-config.php(103): require_once('C:\\Users\\ACER\\D...')
#10 C:\Users\ACER\Documents\Projetos Pessoais\magazine-back-end\app\public\wp-load.php(50): require_once('C:\\Users\\ACER\\D...')
#11 C:\Users\ACER\Documents\Projetos Pessoais\magazine-back-end\app\public\wp-admin\admin.php(34): require_once('C:\\Users\\ACER\\D...')
#12 {main}
  thrown in C:\Users\ACER\Documents\Projetos Pessoais\magazine-back-end\app\public\wp-content\plugins\wp-graphql\access-functions.php on line 305
[03-Apr-2024 02:39:31 UTC] PHP Fatal error:  Uncaught TypeError: register_graphql_field(): Argument #2 ($field_name) must be of type string, array given, called in C:\Users\ACER\Documents\Projetos Pessoais\magazine-back-end\app\public\wp-content\themes\magazine\includes\entities\ThemeOptions\ThemeOptions.php on line 186 and defined in C:\Users\ACER\Documents\Projetos Pessoais\magazine-back-end\app\public\wp-content\plugins\wp-graphql\access-functions.php:305
Stack trace:
#0 C:\Users\ACER\Documents\Projetos Pessoais\magazine-back-end\app\public\wp-content\themes\magazine\includes\entities\ThemeOptions\ThemeOptions.php(186): register_graphql_field('ThemeOptionsHea...', Array)
#1 C:\Users\ACER\Documents\Projetos Pessoais\magazine-back-end\app\public\wp-includes\class-wp-hook.php(324): ThemeOptions->register_header_sub_page_graphql(6)
#2 C:\Users\ACER\Documents\Projetos Pessoais\magazine-back-end\app\public\wp-includes\class-wp-hook.php(348): WP_Hook->apply_filters(NULL, Array)
#3 C:\Users\ACER\Documents\Projetos Pessoais\magazine-back-end\app\public\wp-includes\plugin.php(517): WP_Hook->do_action(Array)
#4 C:\Users\ACER\Documents\Projetos Pessoais\magazine-back-end\app\public\wp-content\plugins\advanced-custom-fields-pro\acf.php(400): do_action('acf/init', 6)
#5 C:\Users\ACER\Documents\Projetos Pessoais\magazine-back-end\app\public\wp-includes\class-wp-hook.php(324): ACF->init('')
#6 C:\Users\ACER\Documents\Projetos Pessoais\magazine-back-end\app\public\wp-includes\class-wp-hook.php(348): WP_Hook->apply_filters(NULL, Array)
#7 C:\Users\ACER\Documents\Projetos Pessoais\magazine-back-end\app\public\wp-includes\plugin.php(517): WP_Hook->do_action(Array)
#8 C:\Users\ACER\Documents\Projetos Pessoais\magazine-back-end\app\public\wp-settings.php(643): do_action('init')
#9 C:\Users\ACER\Documents\Projetos Pessoais\magazine-back-end\app\public\wp-config.php(103): require_once('C:\\Users\\ACER\\D...')
#10 C:\Users\ACER\Documents\Projetos Pessoais\magazine-back-end\app\public\wp-load.php(50): require_once('C:\\Users\\ACER\\D...')
#11 C:\Users\ACER\Documents\Projetos Pessoais\magazine-back-end\app\public\wp-blog-header.php(13): require_once('C:\\Users\\ACER\\D...')
#12 C:\Users\ACER\Documents\Projetos Pessoais\magazine-back-end\app\public\index.php(17): require('C:\\Users\\ACER\\D...')
#13 {main}
  thrown in C:\Users\ACER\Documents\Projetos Pessoais\magazine-back-end\app\public\wp-content\plugins\wp-graphql\access-functions.php on line 305
[03-Apr-2024 02:39:56 UTC] PHP Fatal error:  Uncaught TypeError: register_graphql_fields(): Argument #2 ($fields) must be of type array, string given, called in C:\Users\ACER\Documents\Projetos Pessoais\magazine-back-end\app\public\wp-content\themes\magazine\includes\entities\ThemeOptions\ThemeOptions.php on line 186 and defined in C:\Users\ACER\Documents\Projetos Pessoais\magazine-back-end\app\public\wp-content\plugins\wp-graphql\access-functions.php:326
Stack trace:
#0 C:\Users\ACER\Documents\Projetos Pessoais\magazine-back-end\app\public\wp-content\themes\magazine\includes\entities\ThemeOptions\ThemeOptions.php(186): register_graphql_fields('RootQuery', 'ThemeOptionsHea...', Array)
#1 C:\Users\ACER\Documents\Projetos Pessoais\magazine-back-end\app\public\wp-includes\class-wp-hook.php(324): ThemeOptions->register_header_sub_page_graphql(6)
#2 C:\Users\ACER\Documents\Projetos Pessoais\magazine-back-end\app\public\wp-includes\class-wp-hook.php(348): WP_Hook->apply_filters(NULL, Array)
#3 C:\Users\ACER\Documents\Projetos Pessoais\magazine-back-end\app\public\wp-includes\plugin.php(517): WP_Hook->do_action(Array)
#4 C:\Users\ACER\Documents\Projetos Pessoais\magazine-back-end\app\public\wp-content\plugins\advanced-custom-fields-pro\acf.php(400): do_action('acf/init', 6)
#5 C:\Users\ACER\Documents\Projetos Pessoais\magazine-back-end\app\public\wp-includes\class-wp-hook.php(324): ACF->init('')
#6 C:\Users\ACER\Documents\Projetos Pessoais\magazine-back-end\app\public\wp-includes\class-wp-hook.php(348): WP_Hook->apply_filters(NULL, Array)
#7 C:\Users\ACER\Documents\Projetos Pessoais\magazine-back-end\app\public\wp-includes\plugin.php(517): WP_Hook->do_action(Array)
#8 C:\Users\ACER\Documents\Projetos Pessoais\magazine-back-end\app\public\wp-settings.php(643): do_action('init')
#9 C:\Users\ACER\Documents\Projetos Pessoais\magazine-back-end\app\public\wp-config.php(103): require_once('C:\\Users\\ACER\\D...')
#10 C:\Users\ACER\Documents\Projetos Pessoais\magazine-back-end\app\public\wp-load.php(50): require_once('C:\\Users\\ACER\\D...')
#11 C:\Users\ACER\Documents\Projetos Pessoais\magazine-back-end\app\public\wp-admin\admin.php(34): require_once('C:\\Users\\ACER\\D...')
#12 {main}
  thrown in C:\Users\ACER\Documents\Projetos Pessoais\magazine-back-end\app\public\wp-content\plugins\wp-graphql\access-functions.php on line 326
[03-Apr-2024 02:39:56 UTC] PHP Fatal error:  Uncaught TypeError: register_graphql_fields(): Argument #2 ($fields) must be of type array, string given, called in C:\Users\ACER\Documents\Projetos Pessoais\magazine-back-end\app\public\wp-content\themes\magazine\includes\entities\ThemeOptions\ThemeOptions.php on line 186 and defined in C:\Users\ACER\Documents\Projetos Pessoais\magazine-back-end\app\public\wp-content\plugins\wp-graphql\access-functions.php:326
Stack trace:
#0 C:\Users\ACER\Documents\Projetos Pessoais\magazine-back-end\app\public\wp-content\themes\magazine\includes\entities\ThemeOptions\ThemeOptions.php(186): register_graphql_fields('RootQuery', 'ThemeOptionsHea...', Array)
#1 C:\Users\ACER\Documents\Projetos Pessoais\magazine-back-end\app\public\wp-includes\class-wp-hook.php(324): ThemeOptions->register_header_sub_page_graphql(6)
#2 C:\Users\ACER\Documents\Projetos Pessoais\magazine-back-end\app\public\wp-includes\class-wp-hook.php(348): WP_Hook->apply_filters(NULL, Array)
#3 C:\Users\ACER\Documents\Projetos Pessoais\magazine-back-end\app\public\wp-includes\plugin.php(517): WP_Hook->do_action(Array)
#4 C:\Users\ACER\Documents\Projetos Pessoais\magazine-back-end\app\public\wp-content\plugins\advanced-custom-fields-pro\acf.php(400): do_action('acf/init', 6)
#5 C:\Users\ACER\Documents\Projetos Pessoais\magazine-back-end\app\public\wp-includes\class-wp-hook.php(324): ACF->init('')
#6 C:\Users\ACER\Documents\Projetos Pessoais\magazine-back-end\app\public\wp-includes\class-wp-hook.php(348): WP_Hook->apply_filters(NULL, Array)
#7 C:\Users\ACER\Documents\Projetos Pessoais\magazine-back-end\app\public\wp-includes\plugin.php(517): WP_Hook->do_action(Array)
#8 C:\Users\ACER\Documents\Projetos Pessoais\magazine-back-end\app\public\wp-settings.php(643): do_action('init')
#9 C:\Users\ACER\Documents\Projetos Pessoais\magazine-back-end\app\public\wp-config.php(103): require_once('C:\\Users\\ACER\\D...')
#10 C:\Users\ACER\Documents\Projetos Pessoais\magazine-back-end\app\public\wp-load.php(50): require_once('C:\\Users\\ACER\\D...')
#11 C:\Users\ACER\Documents\Projetos Pessoais\magazine-back-end\app\public\wp-blog-header.php(13): require_once('C:\\Users\\ACER\\D...')
#12 C:\Users\ACER\Documents\Projetos Pessoais\magazine-back-end\app\public\index.php(17): require('C:\\Users\\ACER\\D...')
#13 {main}
  thrown in C:\Users\ACER\Documents\Projetos Pessoais\magazine-back-end\app\public\wp-content\plugins\wp-graphql\access-functions.php on line 326
[03-Apr-2024 02:40:59 UTC] PHP Fatal error:  Uncaught TypeError: register_graphql_fields(): Argument #2 ($fields) must be of type array, string given, called in C:\Users\ACER\Documents\Projetos Pessoais\magazine-back-end\app\public\wp-content\themes\magazine\includes\entities\ThemeOptions\ThemeOptions.php on line 175 and defined in C:\Users\ACER\Documents\Projetos Pessoais\magazine-back-end\app\public\wp-content\plugins\wp-graphql\access-functions.php:326
Stack trace:
#0 C:\Users\ACER\Documents\Projetos Pessoais\magazine-back-end\app\public\wp-content\themes\magazine\includes\entities\ThemeOptions\ThemeOptions.php(175): register_graphql_fields('RootQuery', 'ThemeOptionsHea...', Array)
#1 C:\Users\ACER\Documents\Projetos Pessoais\magazine-back-end\app\public\wp-includes\class-wp-hook.php(324): ThemeOptions->register_header_sub_page_graphql(6)
#2 C:\Users\ACER\Documents\Projetos Pessoais\magazine-back-end\app\public\wp-includes\class-wp-hook.php(348): WP_Hook->apply_filters(NULL, Array)
#3 C:\Users\ACER\Documents\Projetos Pessoais\magazine-back-end\app\public\wp-includes\plugin.php(517): WP_Hook->do_action(Array)
#4 C:\Users\ACER\Documents\Projetos Pessoais\magazine-back-end\app\public\wp-content\plugins\advanced-custom-fields-pro\acf.php(400): do_action('acf/init', 6)
#5 C:\Users\ACER\Documents\Projetos Pessoais\magazine-back-end\app\public\wp-includes\class-wp-hook.php(324): ACF->init('')
#6 C:\Users\ACER\Documents\Projetos Pessoais\magazine-back-end\app\public\wp-includes\class-wp-hook.php(348): WP_Hook->apply_filters(NULL, Array)
#7 C:\Users\ACER\Documents\Projetos Pessoais\magazine-back-end\app\public\wp-includes\plugin.php(517): WP_Hook->do_action(Array)
#8 C:\Users\ACER\Documents\Projetos Pessoais\magazine-back-end\app\public\wp-settings.php(643): do_action('init')
#9 C:\Users\ACER\Documents\Projetos Pessoais\magazine-back-end\app\public\wp-config.php(103): require_once('C:\\Users\\ACER\\D...')
#10 C:\Users\ACER\Documents\Projetos Pessoais\magazine-back-end\app\public\wp-load.php(50): require_once('C:\\Users\\ACER\\D...')
#11 C:\Users\ACER\Documents\Projetos Pessoais\magazine-back-end\app\public\wp-admin\admin.php(34): require_once('C:\\Users\\ACER\\D...')
#12 {main}
  thrown in C:\Users\ACER\Documents\Projetos Pessoais\magazine-back-end\app\public\wp-content\plugins\wp-graphql\access-functions.php on line 326
[03-Apr-2024 02:40:59 UTC] PHP Fatal error:  Uncaught TypeError: register_graphql_fields(): Argument #2 ($fields) must be of type array, string given, called in C:\Users\ACER\Documents\Projetos Pessoais\magazine-back-end\app\public\wp-content\themes\magazine\includes\entities\ThemeOptions\ThemeOptions.php on line 175 and defined in C:\Users\ACER\Documents\Projetos Pessoais\magazine-back-end\app\public\wp-content\plugins\wp-graphql\access-functions.php:326
Stack trace:
#0 C:\Users\ACER\Documents\Projetos Pessoais\magazine-back-end\app\public\wp-content\themes\magazine\includes\entities\ThemeOptions\ThemeOptions.php(175): register_graphql_fields('RootQuery', 'ThemeOptionsHea...', Array)
#1 C:\Users\ACER\Documents\Projetos Pessoais\magazine-back-end\app\public\wp-includes\class-wp-hook.php(324): ThemeOptions->register_header_sub_page_graphql(6)
#2 C:\Users\ACER\Documents\Projetos Pessoais\magazine-back-end\app\public\wp-includes\class-wp-hook.php(348): WP_Hook->apply_filters(NULL, Array)
#3 C:\Users\ACER\Documents\Projetos Pessoais\magazine-back-end\app\public\wp-includes\plugin.php(517): WP_Hook->do_action(Array)
#4 C:\Users\ACER\Documents\Projetos Pessoais\magazine-back-end\app\public\wp-content\plugins\advanced-custom-fields-pro\acf.php(400): do_action('acf/init', 6)
#5 C:\Users\ACER\Documents\Projetos Pessoais\magazine-back-end\app\public\wp-includes\class-wp-hook.php(324): ACF->init('')
#6 C:\Users\ACER\Documents\Projetos Pessoais\magazine-back-end\app\public\wp-includes\class-wp-hook.php(348): WP_Hook->apply_filters(NULL, Array)
#7 C:\Users\ACER\Documents\Projetos Pessoais\magazine-back-end\app\public\wp-includes\plugin.php(517): WP_Hook->do_action(Array)
#8 C:\Users\ACER\Documents\Projetos Pessoais\magazine-back-end\app\public\wp-settings.php(643): do_action('init')
#9 C:\Users\ACER\Documents\Projetos Pessoais\magazine-back-end\app\public\wp-config.php(103): require_once('C:\\Users\\ACER\\D...')
#10 C:\Users\ACER\Documents\Projetos Pessoais\magazine-back-end\app\public\wp-load.php(50): require_once('C:\\Users\\ACER\\D...')
#11 C:\Users\ACER\Documents\Projetos Pessoais\magazine-back-end\app\public\wp-blog-header.php(13): require_once('C:\\Users\\ACER\\D...')
#12 C:\Users\ACER\Documents\Projetos Pessoais\magazine-back-end\app\public\index.php(17): require('C:\\Users\\ACER\\D...')
#13 {main}
  thrown in C:\Users\ACER\Documents\Projetos Pessoais\magazine-back-end\app\public\wp-content\plugins\wp-graphql\access-functions.php on line 326
